# AUTOBACKUP START
# 1771474 total bytes
# archiver has been finalized and the output file descriptor has closed.
# AUTOBACKUP DONE
... Cloudflare CHECKING 6 FOLDERS in www.ax6.com.br
... Cloudflare CHECKING 6 FOLDERS in www.pecrodrigues1.com.br
... Cloudflare CHECKING 6 FOLDERS in editor.wolimp.com.br
... Cloudflare CHECKING 6 FOLDERS in www.wolimp.com.br
-----------
--LOADING--
-----------
[14/01/2026, 07:59:07] 
LOADED CONFIG: [validator] 
LOADED CONFIG: [filesystem] file_extensions, 
LOADED CONFIG: [responser] responser, 
LOADED CONFIG: [router] browser_cache_seconds, cdn_cache_seconds, sessions, limiter, 
LOADED CONFIG: [cdn] services, 
LOADED CONFIG: [debug] debug_no_cache, log_cache, log_filename, log_clear_interval, domain_log_interval, 
LOADED CONFIG: [crawler] crawler, 
LOADED CONFIG: [autobackup] autobackup, 
[14/01/2026, 07:59:07] 
LOADED REQUIRE: ./utils/validator.js
LOADED REQUIRE: ./utils/filesystem.js
++ INTERVAL ++
LOADED REQUIRE: ./controllers/responser.js
++ INTERVAL ++
++ INTERVAL ++
LOADED REQUIRE: ./middleware/router.js
LOADED REQUIRE: ./services/cdn.js
++ INTERVAL ++
++ INTERVAL ++
LOADED REQUIRE: ./services/debug.js
LOADED REQUIRE: ./services/crawler.js
[14/01/2026, 07:59:08] # AUTOBACKUP ENABLED!
++ INTERVAL ++
# AUTOBACKUP START
LOADED REQUIRE: ./services/autobackup.js
-----------
---START---
-----------
[14/01/2026, 07:59:08] 
Allowed Domains:
- ax6.com.br
- brasaz.com.br:8443
- ALIAS: pecrodrigues.com.br
- pecrodrigues1.com.br
- wolimp.com.br
... Cloudflare Updating ROOTS
[14/01/2026, 07:59:09] Web server started :443
[14/01/2026, 07:59:09] cf load
... Cloudflare CHECKING 6 FOLDERS in www.ax6.com.br
... Cloudflare CHECKING 6 FOLDERS in www.pecrodrigues1.com.br
... Cloudflare CHECKING 6 FOLDERS in editor.wolimp.com.br
... Cloudflare CHECKING 6 FOLDERS in www.wolimp.com.br
